[10/19/24, 09:11:24:531] info: 
╔═══════════════════════════════════════════════════════╗
║      Slack 4.40.133, linux 6.11.3-arch1-1 on x64      ║
╚═══════════════════════════════════════════════════════╝ 
[10/19/24, 09:11:24:532] info: Configured logger via 
{
  "loggerInstanceCount": 1
}
[10/19/24, 09:11:24:541] info: Predefined values for process 
{
  "NODE_ENV": "production",
  "platform": "linux",
  "type": "browser",
  "timeZone": "Asia/Tokyo",
  "PACKAGE_MANIFEST.productName": "Slack",
  "PACKAGE_MANIFEST.version": "4.40.133",
  "PACKAGE_MANIFEST.commit": "83fd910",
  "PACKAGE_MANIFEST.branch": "HEAD"
}
[10/19/24, 09:11:24:632] info: persistUuid:: Generated uuid 
{
  "uuid": "27234102-da68-4835-adf3-e44b19613a65"
}
[10/19/24, 09:11:24:632] info: persistUuid:: Uuid persisted successfully 
[10/19/24, 09:11:24:633] info: getSentryDSN: Setting sentry URL to slack.com 
[10/19/24, 09:11:24:643] info: Could not load previous electron version 
[10/19/24, 09:11:24:718] info: Breadcrumb: electron: app.will-finish-launching 
[10/19/24, 09:11:24:724] info: Breadcrumb: electron: app.ready 
[10/19/24, 09:11:24:730] info: Breadcrumb: electron: app.session-created 
[10/19/24, 09:11:24:730] info: Breadcrumb: electron: app.session-created 
[10/19/24, 09:11:24:733] info: Store: persist/PERSIST 
[10/19/24, 09:11:24:744] info: Migrating from redux-persist@v4 
[10/19/24, 09:11:24:745] info: Finished migrating state 
{
  "keys": [
    "_persist"
  ],
  "version": 1
}
[10/19/24, 09:11:24:745] info: Store: persist/REHYDRATE 
{
  "_persist": "Persistence version: 1"
}
[10/19/24, 09:11:24:746] warn: Telemetry queued before configured 
{
  "event": 1001000
}
[10/19/24, 09:11:24:746] info: Store: RECORD_PERFORMANCE_TIMING 
{
  "phase": 0,
  "interval": 4
}
[10/19/24, 09:11:24:748] info: Store: UPDATE_SETTINGS 
{
  "locale": "en-US"
}
[10/19/24, 09:11:24:749] info: Store: INITIALIZE 
{
  "resourcePath": "/usr/lib/slack/resources/app.asar",
  "tsaToken": "[REDACTED]",
  "bootFragments": []
}
[10/19/24, 09:11:24:758] info: Store: SET_SESSION_MODE 
[10/19/24, 09:11:24:759] info: Feature Check: requesting features from https://app.slack.com/api/ 
[10/19/24, 09:11:24:761] info: Breadcrumb: electron: powerMonitor.newListener 
[10/19/24, 09:11:24:761] info: Breadcrumb: electron: powerMonitor.newListener 
[10/19/24, 09:11:24:763] error: Failed to load calls-desktop-interop.WindowBorderPanel 
{
  "error": {
    "name": "Error",
    "stack": "Error: Module did not self-register: '/usr/lib/slack/resources/app.asar.unpacked/node_modules/@tinyspeck/huddles-desktop-utils/build/Release/CallsDesktopInterop.node'.\n    at process.func [as dlopen] (node:electron/js2c/node_init:2:2559)\n    at Module._extensions..node (node:internal/modules/cjs/loader:1602:18)\n    at Object.func [as .node] (node:electron/js2c/node_init:2:2786)\n    at Module.load (node:internal/modules/cjs/loader:1295:32)\n    at Module._load (node:internal/modules/cjs/loader:1111:12)\n    at c._load (node:electron/js2c/node_init:2:17025)\n    at Module.require (node:internal/modules/cjs/loader:1318:19)\n    at require (node:internal/modules/helpers:179:18)\n    at bindings (/usr/lib/slack/resources/app.asar/node_modules/bindings/bindings.js:112:48)\n    at Object.<anonymous> (/usr/lib/slack/resources/app.asar/node_modules/@tinyspeck/huddles-desktop-utils/lib/index.js:1:34)",
    "message": "Module did not self-register: '/usr/lib/slack/resources/app.asar.unpacked/node_modules/@tinyspeck/huddles-desktop-utils/build/Release/CallsDesktopInterop.node'.",
    "code": "ERR_DLOPEN_FAILED"
  }
}
[10/19/24, 09:11:24:786] warn: Failed to install protocol handler for slack:// links 
[10/19/24, 09:11:24:786] info: Startup Display id=33 at (0, 0) [1280 x 720] 
[10/19/24, 09:11:24:786] info: Startup Display id=35 at (1280, 0) [1280 x 720] 
[10/19/24, 09:11:24:790] warn: Couldn't get Linux distro info from lsb_release, trying fallback to get Linux distro info 
{
  "error": {
    "name": "Error",
    "stack": "Error: Command failed: lsb_release -a --short\n/bin/sh: line 1: lsb_release: command not found\n\n    at genericNodeError (node:internal/errors:984:15)\n    at wrappedFn (node:internal/errors:538:14)\n    at ChildProcess.exithandler (node:child_process:422:12)\n    at ChildProcess.emit (node:events:519:28)\n    at ChildProcess.emit (node:domain:488:12)\n    at maybeClose (node:internal/child_process:1105:16)\n    at Socket.<anonymous> (node:internal/child_process:457:11)\n    at Socket.emit (node:events:519:28)\n    at Socket.emit (node:domain:488:12)\n    at Pipe.<anonymous> (node:net:339:12)",
    "message": "Command failed: lsb_release -a --short\n/bin/sh: line 1: lsb_release: command not found\n",
    "code": 127,
    "killed": false,
    "signal": null,
    "cmd": "lsb_release -a --short",
    "stdout": "",
    "stderr": "/bin/sh: line 1: lsb_release: command not found\n"
  }
}
[10/19/24, 09:11:24:799] info: getLinuxDistro: getos 
{
  "res": {
    "os": "linux",
    "dist": "Arch Linux"
  }
}
[10/19/24, 09:11:24:799] info: Store: READY 
{
  "resourcePath": "/usr/lib/slack/resources/app.asar",
  "tsaToken": "[REDACTED]",
  "bootFragments": [],
  "appVersion": "4.40.133",
  "arch": "x64",
  "isGpuCompositionAvailable": true,
  "isTitleBarHidden": false,
  "platform": "linux",
  "platformVersion": {
    "major": 6,
    "minor": 11,
    "build": 3
  },
  "developerMenuOverride": false,
  "uuid": "27234102-da68-4835-adf3-e44b19613a65",
  "applicationProcessSessionId": "MjcyMzQxMDItZGE2OC00ODM1LWFkZjMtZTQ0YjE5NjEzYTY1XzE3MjkyOTY2ODQ2MzI=",
  "distribution": "DDL",
  "clientEnvironment": 1000,
  "invokedOnStartup": false,
  "linux": {
    "os": "Arch Linux",
    "name": "Arch Linux ",
    "release": "",
    "codename": "",
    "desktopEnvironment": "sway"
  }
}
[10/19/24, 09:11:24:800] info: initializeApplicationEpic: trying to set ntlm credential domain for session 
{
  "sessionId": "PROD_DEFAULT_SESSION"
}
[10/19/24, 09:11:24:800] info: initializeApplicationEpic: Setting spellcheck dictionary URL 
{
  "dictionaryUrl": "https://spellcheck.slack-edge.com/dictionaries_v2/"
}
[10/19/24, 09:11:24:800] info: initializeApplicationEpic: Welcome to Slack 4.40.133 x64 
[10/19/24, 09:11:24:800] info: Breadcrumb: electron: powerMonitor.newListener 
[10/19/24, 09:11:24:801] info: logExternalConfigEpic: initial external config 
{
  "defaults": {}
}
[10/19/24, 09:11:24:801] info: AutoLoginEpic: Checking for autologin. 
[10/19/24, 09:11:24:802] info: getIsUpdateSupported: Updates are not supported 
{
  "version": "4.40.133",
  "reasons": [
    "using Linux"
  ],
  "distribution": "DDL",
  "executable": "/usr/lib/slack"
}
[10/19/24, 09:11:24:804] info: persistUuid:: Generated uuid 
{
  "uuid": "3cc23a1a-cfdd-4629-abeb-b3114b52ff53"
}
[10/19/24, 09:11:24:804] info: persistUuid:: Uuid persisted successfully 
[10/19/24, 09:11:24:810] info: Store: SET_ACCESSIBILITY_SUPPORT_ENABLED 
[10/19/24, 09:11:24:811] info: Store: CREATE_WINDOW 
{
  "type": "main"
}
[10/19/24, 09:11:24:813] info: initialSettingsPayload: trying to invalidate settings 
{
  "payload": {
    "launchOnStartup": false,
    "PrefSSBFileDownloadPath": "/home/[REDACTED]/Downloads",
    "PrefSSBFileDownloadPathDisplayName": "Downloads",
    "hasRunApp": true
  }
}
[10/19/24, 09:11:24:813] info: Store: UPDATE_SETTINGS 
{
  "launchOnStartup": false,
  "PrefSSBFileDownloadPath": "/home/[REDACTED]/Downloads",
  "PrefSSBFileDownloadPathDisplayName": "Downloads",
  "hasRunApp": true
}
[10/19/24, 09:11:24:815] info: Store: SET_UPDATE_SUPPORTED 
[10/19/24, 09:11:24:818] info: Store: TOKEN_FILE_PROCESSED 
[10/19/24, 09:11:24:818] info: AutoLoginEpic: Processing token file for autologin. 
[10/19/24, 09:11:24:819] info: AutoLoginEpic: Completed autologin processing — successfully logged in 0 workspaces. 
[10/19/24, 09:11:24:819] info: AutoLoginEpic: Setting default sign-in team to null 
[10/19/24, 09:11:24:819] info: Store: AUTOLOGIN_TEAMS_COMPLETE 
[10/19/24, 09:11:24:819] info: Store: UPDATE_SETTINGS 
{
  "defaultSigninTeam": null
}
[10/19/24, 09:11:24:826] info: Breadcrumb: electron: app.web-contents-created 
[10/19/24, 09:11:24:827] info: Breadcrumb: electron: app.browser-window-created 
[10/19/24, 09:11:24:832] info: getSonicBaseURL: Booting into devEnv 
{
  "url": "https://app.slack.com"
}
[10/19/24, 09:11:24:833] info: Store: WINDOW_CREATED 
{
  "type": "main",
  "webappType": "app",
  "initialLoadURL": "https://app.slack.com/ssb/first?redir=%2Fssb%2Fclient",
  "id": 1,
  "frame": {
    "isHtmlFullScreen": false,
    "isCurrentlyAudible": false,
    "isFullScreen": false,
    "isMinimized": false,
    "isMaximized": false,
    "isVisible": false,
    "isFocused": false,
    "bounds": {
      "x": 240,
      "y": 60,
      "width": 800,
      "height": 600
    },
    "hasVibrancy": false
  }
}
[10/19/24, 09:11:24:835] info: Store: RECORD_PERFORMANCE_TIMING 
{
  "phase": 1,
  "interval": 89
}
[10/19/24, 09:11:24:836] info: Watching for keyboard layout changes 
[10/19/24, 09:11:24:837] info: Store: UPDATE_SETTINGS 
{
  "keyboardLayout": "us"
}
[10/19/24, 09:11:24:839] info: Breadcrumb: electron: powerMonitor.newListener 
[10/19/24, 09:11:24:839] info: Breadcrumb: electron: powerMonitor.newListener 
[10/19/24, 09:11:24:840] info: registerLifeCycleEvents: Registering webContents:1 
[10/19/24, 09:11:24:840] info: registerLifeCycleEvents: webContents:1 is type 'app' 
[10/19/24, 09:11:24:840] info: Store: UPSERT_WEB_CONTENTS 
{
  "id": 1,
  "state": "unloaded",
  "type": "app"
}
[10/19/24, 09:11:24:843] info: getSonicBaseURL: Booting into devEnv 
{
  "url": "https://app.slack.com"
}
[10/19/24, 09:11:24:849] info: System configuration information 
{
  "info": {
    "total_memory_in_gb": 31,
    "gpuFeatures": {
      "2d_canvas": "disabled_software",
      "canvas_oop_rasterization": "disabled_off",
      "direct_rendering_display_compositor": "disabled_off_ok",
      "gpu_compositing": "disabled_software",
      "multiple_raster_threads": "enabled_on",
      "opengl": "disabled_off",
      "rasterization": "disabled_software",
      "raw_draw": "disabled_off_ok",
      "skia_graphite": "disabled_off",
      "video_decode": "disabled_software",
      "video_encode": "disabled_software",
      "vulkan": "disabled_off",
      "webgl": "disabled_off",
      "webgl2": "disabled_off",
      "webgpu": "disabled_off",
      "webnn": "disabled_off"
    },
    "cpu_model": "AMD Ryzen 5 5600G with Radeon Graphics",
    "cpu_logical_core": 12,
    "cpu_clock_speed": 3603,
    "gpuDevice": [
      {
        "active": true,
        "deviceId": 29695,
        "gpuPreference": 0,
        "vendorId": 4098
      }
    ],
    "machine_model_name": "unknown",
    "machine_model_version": "unknown",
    "crash_db_size_kb": 1
  }
}
[10/19/24, 09:11:24:898] info: Breadcrumb: electron: app.gpu-info-update 
[10/19/24, 09:11:24:965] info: Finished download of spellcheck dictionary 
{
  "code": "en-US"
}
[10/19/24, 09:11:24:966] info: Spellcheck dictionary initialized 
{
  "code": "en-US"
}
[10/19/24, 09:11:25:046] info: Breadcrumb: electron.net: undefined 
{
  "url": "https://app.slack.com/api/desktop.features",
  "method": "GET",
  "status_code": 200
}
[10/19/24, 09:11:25:047] info: Feature Check: received experiments 
{
  "ok": true,
  "experiments": [
    {
      "experiment": "",
      "disable_chrome_features": [
        "PostQuantumKyber"
      ],
      "type": "normal"
    }
  ]
}
[10/19/24, 09:11:25:056] info: Store: UPDATE_DESKTOP_FEATURES 
{
  "devToolsEnabled": false
}
[10/19/24, 09:11:25:681] info: Store: UPDATE_SETTINGS 
{
  "userTheme": "light"
}
[10/19/24, 09:11:25:683] info: Store: UPDATE_SETTINGS 
{
  "systemThemeSyncEnabled": false
}
[10/19/24, 09:11:25:825] info: Breadcrumb: electron: renderer.dom-ready 
{
  "id": 1,
  "url": "https://app.slack.com/ssb/first?redir=%2Fssb%2Fclient"
}
[10/19/24, 09:11:25:825] info: registerLifeCycleEvents: webContents:1 from 'unloaded' to 'loaded' took 985 ms 
[10/19/24, 09:11:25:825] info: Store: UPSERT_WEB_CONTENTS 
{
  "id": 1,
  "state": "loaded"
}
[10/19/24, 09:11:25:827] info: Store: RECORD_PERFORMANCE_TIMING 
{
  "phase": 2,
  "interval": 991
}
[10/19/24, 09:11:25:827] info: initializeMainWindowEpic: Showing main window 
{
  "maximized": false,
  "shouldHide": false,
  "fullScreen": false
}
[10/19/24, 09:11:25:828] info: Breadcrumb: electron: window.show 
{
  "id": 1,
  "url": "https://app.slack.com/ssb/first?redir=%2Fssb%2Fclient"
}
[10/19/24, 09:11:25:828] info: Store: SET_WINDOW_FRAME 
{
  "id": 1,
  "frame": {
    "isVisible": true
  },
  "fromEvent": true
}
[10/19/24, 09:11:25:829] info: Store: MAIN_WINDOW_SHOWN 
[10/19/24, 09:11:25:832] info: Store: CLEAR_NOTIFICATIONS 
[10/19/24, 09:11:25:836] info: waitAuthCookieChange: waiting for auth change for session 
{
  "sessionId": "PROD_DEFAULT_SESSION"
}
[10/19/24, 09:11:25:836] info: Breadcrumb: electron: window.maximize 
{
  "id": 1,
  "url": "https://app.slack.com/ssb/first?redir=%2Fssb%2Fclient"
}
[10/19/24, 09:11:25:836] info: Store: SET_WINDOW_FRAME 
{
  "id": 1,
  "frame": {
    "isMaximized": true
  },
  "fromEvent": true
}
[10/19/24, 09:11:25:837] info: Store: SET_WINDOW_FRAME 
{
  "id": 1,
  "frame": {
    "bounds": {
      "x": 160,
      "y": 0,
      "width": 960,
      "height": 720
    }
  },
  "fromEvent": true
}
[10/19/24, 09:11:25:840] info: Breadcrumb: electron: window.focus 
{
  "id": 1,
  "url": "https://app.slack.com/ssb/first?redir=%2Fssb%2Fclient"
}
[10/19/24, 09:11:25:840] info: Breadcrumb: electron: app.browser-window-focus 
[10/19/24, 09:11:25:840] info: Store: SET_WINDOW_FRAME 
{
  "id": 1,
  "frame": {
    "isFocused": true
  },
  "fromEvent": true
}
[10/19/24, 09:11:25:848] info: Permission check granted: 
{
  "isMainFrame": true,
  "permission": "background-sync",
  "requestingOrigin": "https://app.slack.com/",
  "requestingUrl": "https://app.slack.com/ssb/first?redir=%2Fssb%2Fclient",
  "securityOrigin": null,
  "slackChildWindowRequest": {
    "result": false,
    "reason": "Not child window URL"
  }
}
[10/19/24, 09:11:25:883] info: Breadcrumb: electron: window.ready-to-show 
{
  "id": 1,
  "url": "https://app.slack.com/ssb/first?redir=%2Fssb%2Fclient"
}
[10/19/24, 09:11:25:892] info: registerLifeCycleEvents: webContents:1 is type 'app' 
[10/19/24, 09:11:25:892] info: Store: UPSERT_WEB_CONTENTS 
{
  "id": 1,
  "type": "app",
  "history": "[REDACTED]"
}
[10/19/24, 09:11:25:894] info: Store: SET_WINDOW_FRAME 
{
  "id": 1,
  "frame": {
    "isVisible": true,
    "isFocused": true
  },
  "fromEvent": true
}
[10/19/24, 09:11:26:038] info: Store: SET_NETWORK_STATUS online
[10/19/24, 09:11:26:840] info: Store: SET_WINDOW_FRAME 
{
  "id": 1,
  "frame": {
    "bounds": {
      "x": 1921,
      "y": 34,
      "width": 638,
      "height": 685
    },
    "isMaximized": true
  },
  "fromEvent": true
}
[10/19/24, 09:11:26:840] info: Main window moved to display 
{
  "id": 35
}
[10/19/24, 09:11:26:846] info: Store: SET_WINDOW_FRAME 
{
  "id": 1,
  "frame": {
    "bounds": {
      "x": 1921,
      "y": 34,
      "width": 638,
      "height": 685
    },
    "isMaximized": true
  },
  "fromEvent": true
}
[10/19/24, 09:11:26:846] info: Store: UPDATE_SETTINGS 
{
  "mainWindowSettings": {
    "fullScreen": false,
    "maximized": true,
    "bounds": {
      "height": 720,
      "width": 960,
      "x": 1440,
      "y": 0
    }
  }
}
[10/19/24, 09:11:29:744] info: Store: persist/FLUSH 
[10/19/24, 09:11:30:849] info: Breadcrumb: electron: window.close 
{
  "id": 1,
  "url": "https://app.slack.com/ssb/first?redir=%2Fssb%2Fclient"
}
[10/19/24, 09:11:30:849] info: Main window closed, consider it a quit action 
{
  "runFromTray": true,
  "keepAppInTaskbar": false
}
[10/19/24, 09:11:30:849] info: Store: QUIT_APP 
[10/19/24, 09:11:30:850] info: Store: DOWNLOADS_CLEANED_UP 
[10/19/24, 09:11:30:855] info: Breadcrumb: electron: window.hide 
{
  "id": 1,
  "url": "https://app.slack.com/ssb/first?redir=%2Fssb%2Fclient"
}
[10/19/24, 09:11:30:855] info: Store: SET_WINDOW_FRAME 
{
  "id": 1,
  "frame": {
    "isVisible": false
  },
  "fromEvent": true
}
[10/19/24, 09:11:30:856] info: EpicHelpers: Flushing cookie store for session 
{
  "sessionId": "PROD_DEFAULT_SESSION"
}
[10/19/24, 09:11:30:857] info: Disposing wI… 
[10/19/24, 09:11:30:857] info: Disposing jI… 
[10/19/24, 09:11:30:857] info: Disposing S0… 
[10/19/24, 09:11:30:859] info: Breadcrumb: electron: window.blur 
{
  "id": 1,
  "url": "https://app.slack.com/ssb/first?redir=%2Fssb%2Fclient"
}
[10/19/24, 09:11:30:859] info: Breadcrumb: electron: app.browser-window-blur 
[10/19/24, 09:11:30:859] info: Store: SET_WINDOW_FRAME 
{
  "id": 1,
  "frame": {
    "isFocused": false
  },
  "fromEvent": true
}
[10/19/24, 09:11:30:864] info: registerLifeCycleEvents: webContents:1 from 'loaded' to 'page-closed' took 4972 ms 
[10/19/24, 09:11:30:864] info: Store: UPSERT_WEB_CONTENTS 
{
  "id": 1,
  "state": "page-closed"
}
[10/19/24, 09:11:30:867] info: Breadcrumb: electron: renderer.destroyed 
{
  "id": 1,
  "url": "https://app.slack.com/ssb/first?redir=%2Fssb%2Fclient"
}
[10/19/24, 09:11:30:867] info: Store: REMOVE_WEB_CONTENTS 
{
  "id": 1
}
[10/19/24, 09:11:30:879] info: Breadcrumb: electron: window.closed 
{
  "id": 1,
  "url": "https://app.slack.com/ssb/first?redir=%2Fssb%2Fclient"
}
[10/19/24, 09:11:30:879] info: Store: REMOVE_WINDOW 1
[10/19/24, 09:11:30:880] info: Breadcrumb: electron: app.window-all-closed 
[10/19/24, 09:11:30:880] info: Breadcrumb: electron: app.before-quit 
[10/19/24, 09:11:30:880] info: Breadcrumb: electron: app.will-quit 
[10/19/24, 09:11:30:880] info: Telling native-keymap to ignore all future events as we are quitting 
[10/19/24, 09:11:30:885] info: flushLocalSettings: Flushing local-settings.json 
{
  "keys": [
    "useHwAcceleration",
    "rxLogging"
  ]
}
[10/19/24, 09:11:30:885] info: LocalSettings: updating values 
{
  "key": "useHwAcceleration",
  "value": true
}
[10/19/24, 09:11:30:889] info: Store: persist/FLUSH 
[10/19/24, 09:11:31:054] info: Breadcrumb: electron.net: undefined 
{
  "url": "https://app.slack.com/clog/track/",
  "method": "POST",
  "status_code": 200
}
[10/19/24, 09:11:31:056] info: Breadcrumb: electron: app.quit 
