[10/19/24, 09:11:24:803] info: 
╔═══════════════════════════════════════════════════════╗
║      Slack 4.40.133, linux 6.11.3-arch1-1 on x64      ║
╚═══════════════════════════════════════════════════════╝ 
[10/19/24, 09:11:24:803] info: Configured logger via 
{
  "enableConsoleTransport": true,
  "identifierOverride": "webapp-service-worker-console",
  "loggerInstanceCount": 2
}
[10/19/24, 09:11:24:803] info: Predefined values for process 
{
  "NODE_ENV": "production",
  "platform": "linux",
  "type": "browser",
  "timeZone": "Asia/Tokyo",
  "PACKAGE_MANIFEST.productName": "Slack",
  "PACKAGE_MANIFEST.version": "4.40.133",
  "PACKAGE_MANIFEST.commit": "83fd910",
  "PACKAGE_MANIFEST.branch": "HEAD"
}
