[2024-10-18 22:48:13.093] [error] Unrecognized Content-Security-Policy directive 'prefetch-src'.
[2024-10-18 22:48:13.291] [error] Unrecognized Content-Security-Policy directive 'prefetch-src'.
[2024-10-18 22:48:13.291] [error] Unrecognized Content-Security-Policy directive 'prefetch-src'.
[2024-10-18 22:48:13.719] [info]  Initializing voice engine with audio subsystem: standard
[2024-10-18 22:48:13.804] [info]  [default] [BUILD INFO] Release Channel: stable, Build Number: 336402, Version Hash: 1be9907e584b5a8b31e639ab59642784f98a96c6
[2024-10-18 22:48:13.948] [info]  [default] [NATIVE INFO] host 0.0.71, modules: discord_desktop_core: 1, discord_erlpack: 1, discord_spellcheck: 1, discord_utils: 1, discord_voice: 1, discord_zstd: 1, build: null
[2024-10-18 22:48:13.988] [error] [Spellchecker] sh is not a valid locale.
[2024-10-18 22:48:14.067] [info]  [Spellchecker] Switching to en-US (available)
[2024-10-18 22:48:14.068] [error] Unrecognized Content-Security-Policy directive 'prefetch-src'.
[2024-10-18 22:48:14.084] [error] Unrecognized Content-Security-Policy directive 'prefetch-src'.
[2024-10-18 22:48:14.572] [warn]  [CloudSyncUtils] CloudSync is not supported on this platform
[2024-10-18 22:48:14.708] [warn]  [DEPRECATED] Please use `subscribeWithSelector` middleware
[2024-10-18 22:48:14.795] [error] Unrecognized Content-Security-Policy directive 'prefetch-src'.
[2024-10-18 22:48:14.796] [error] Unrecognized Content-Security-Policy directive 'prefetch-src'.
[2024-10-18 22:48:15.495] [info]  [RPCServer:WSS] Starting on 6463
[2024-10-18 22:48:15.501] [info]  [RPCServer:IPC] Starting on /run/user/1000/discord-ipc-0
[2024-10-18 22:48:16.971] [info]  [RPCServer:WSS] Socket Message: 3 [object Object]
[2024-10-18 22:48:16.973] [info]  [RPCServer:WSS] Socket Emit: 3 [object Object]
[2024-10-18 22:48:17.005] [info]  [LoginQRSocket] [0ms] connecting to wss://remote-auth-gateway.discord.gg/?v=2
[2024-10-18 22:48:17.225] [info]  [LoginQRSocket] [221ms] got hello, auth timeout=336006ms
[2024-10-18 22:48:17.281] [info]  [LoginQRSocket] [277ms] connected, handshaking with fingerprint: iR-7PoVXBwE26BpEEs4HZ47gRU3d80rTa2R6Zgg4h5M
[2024-10-18 22:48:17.451] [info]  [LoginQRSocket] [447ms] computed nonce proof
[2024-10-18 22:48:17.623] [info]  [LoginQRSocket] [619ms] handshake complete awaiting remote auth.
[2024-10-18 22:48:20.633] [warn]  The resource https://discordapp.com/assets/b21c5111a12372139409.woff2 was preloaded using link preload but not used within a few seconds from the window's load event. Please make sure it has an appropriate `as` value and it is preloaded intentionally.
[2024-10-18 22:48:20.633] [warn]  The resource https://discordapp.com/assets/f5b8aa3411dfc24ff2e6.woff2 was preloaded using link preload but not used within a few seconds from the window's load event. Please make sure it has an appropriate `as` value and it is preloaded intentionally.
[2024-10-18 22:48:20.633] [warn]  The resource https://discordapp.com/assets/8bd8143eff37936894aa.woff2 was preloaded using link preload but not used within a few seconds from the window's load event. Please make sure it has an appropriate `as` value and it is preloaded intentionally.
[2024-10-18 22:48:20.633] [warn]  The resource https://discordapp.com/assets/48a594e29497835802fe.woff2 was preloaded using link preload but not used within a few seconds from the window's load event. Please make sure it has an appropriate `as` value and it is preloaded intentionally.
[2024-10-18 22:48:20.633] [warn]  The resource https://discordapp.com/assets/452d7be36bf4b23241bd.woff2 was preloaded using link preload but not used within a few seconds from the window's load event. Please make sure it has an appropriate `as` value and it is preloaded intentionally.
[2024-10-18 22:48:20.634] [warn]  The resource https://discordapp.com/assets/8234e0a75aa9afb205bd.woff2 was preloaded using link preload but not used within a few seconds from the window's load event. Please make sure it has an appropriate `as` value and it is preloaded intentionally.
[2024-10-18 22:48:33.586] [info]  [Flux] Dispatching LOGIN
[2024-10-18 22:48:34.391] [info]  [Flux] Dispatching LOGIN_SUCCESS
[2024-10-18 22:48:34.398] [info]  [Routing/Utils] transitionTo - Transitioning to /app
[2024-10-18 22:48:34.404] [info]  [GatewaySocket] [CONNECT] wss://gateway.discord.gg, encoding: etf, version: 9, compression: zstd-stream
[2024-10-18 22:48:34.406] [info]  [LoginQRSocket] [17402ms] cleaning up
[2024-10-18 22:48:34.616] [info]  [GatewaySocket] [CONNECTED] wss://gateway.discord.gg/?encoding=etf&v=9&compress=zstd-stream in 211 ms
[2024-10-18 22:48:35.688] [info]  [GatewaySocket] [READY] took 1283ms, as d8f70e75321ea15b563a33a0ad61521f
[2024-10-18 22:48:35.714] [info]  [Flux] Dispatching CONNECTION_OPEN
[2024-10-18 22:48:35.716] [info]  [DatabaseManager] removing database (user: 420844095276187658, database: undefined)
[2024-10-18 22:48:35.725] [warn]  [NativeDispatchUtils] Tried getting Dispatch instance before instantiated
[2024-10-18 22:48:35.762] [info]  [GatewaySocket] [READY_SUPPLEMENTAL] took 1358ms
[2024-10-18 22:48:36.148] [error] Unrecognized Content-Security-Policy directive 'prefetch-src'.
[2024-10-18 22:48:37.885] [error] Access to XMLHttpRequest at 'https://cdn.discordapp.com/changelogs/config_0.json?x=9' from origin 'https://discordapp.com' has been blocked by CORS policy: No 'Access-Control-Allow-Origin' header is present on the requested resource.
[2024-10-18 22:48:37.889] [error] Uncaught (in promise) Error: Request has been terminated
Possible causes: the network is offline, Origin is not allowed by Access-Control-Allow-Origin, the page is being unloaded, etc.
[2024-10-18 22:48:44.736] [warn]  The resource https://discordapp.com/assets/b21c5111a12372139409.woff2 was preloaded using link preload but not used within a few seconds from the window's load event. Please make sure it has an appropriate `as` value and it is preloaded intentionally.
[2024-10-18 22:48:44.737] [warn]  The resource https://discordapp.com/assets/f5b8aa3411dfc24ff2e6.woff2 was preloaded using link preload but not used within a few seconds from the window's load event. Please make sure it has an appropriate `as` value and it is preloaded intentionally.
[2024-10-18 22:48:44.737] [warn]  The resource https://discordapp.com/assets/8bd8143eff37936894aa.woff2 was preloaded using link preload but not used within a few seconds from the window's load event. Please make sure it has an appropriate `as` value and it is preloaded intentionally.
[2024-10-18 22:48:44.737] [warn]  The resource https://discordapp.com/assets/48a594e29497835802fe.woff2 was preloaded using link preload but not used within a few seconds from the window's load event. Please make sure it has an appropriate `as` value and it is preloaded intentionally.
[2024-10-18 22:48:44.737] [warn]  The resource https://discordapp.com/assets/452d7be36bf4b23241bd.woff2 was preloaded using link preload but not used within a few seconds from the window's load event. Please make sure it has an appropriate `as` value and it is preloaded intentionally.
[2024-10-18 22:48:44.737] [warn]  The resource https://discordapp.com/assets/8234e0a75aa9afb205bd.woff2 was preloaded using link preload but not used within a few seconds from the window's load event. Please make sure it has an appropriate `as` value and it is preloaded intentionally.
[2024-10-18 22:48:51.170] [warn]  The resource https://discordapp.com/assets/b21c5111a12372139409.woff2 was preloaded using link preload but not used within a few seconds from the window's load event. Please make sure it has an appropriate `as` value and it is preloaded intentionally.
[2024-10-18 22:48:51.170] [warn]  The resource https://discordapp.com/assets/f5b8aa3411dfc24ff2e6.woff2 was preloaded using link preload but not used within a few seconds from the window's load event. Please make sure it has an appropriate `as` value and it is preloaded intentionally.
[2024-10-18 22:48:51.170] [warn]  The resource https://discordapp.com/assets/8bd8143eff37936894aa.woff2 was preloaded using link preload but not used within a few seconds from the window's load event. Please make sure it has an appropriate `as` value and it is preloaded intentionally.
[2024-10-18 22:48:51.170] [warn]  The resource https://discordapp.com/assets/48a594e29497835802fe.woff2 was preloaded using link preload but not used within a few seconds from the window's load event. Please make sure it has an appropriate `as` value and it is preloaded intentionally.
[2024-10-18 22:48:51.171] [warn]  The resource https://discordapp.com/assets/452d7be36bf4b23241bd.woff2 was preloaded using link preload but not used within a few seconds from the window's load event. Please make sure it has an appropriate `as` value and it is preloaded intentionally.
[2024-10-18 22:48:51.171] [warn]  The resource https://discordapp.com/assets/8234e0a75aa9afb205bd.woff2 was preloaded using link preload but not used within a few seconds from the window's load event. Please make sure it has an appropriate `as` value and it is preloaded intentionally.
[2024-10-18 22:49:02.945] [warn]  The resource https://discordapp.com/assets/b21c5111a12372139409.woff2 was preloaded using link preload but not used within a few seconds from the window's load event. Please make sure it has an appropriate `as` value and it is preloaded intentionally.
[2024-10-18 22:49:02.946] [warn]  The resource https://discordapp.com/assets/f5b8aa3411dfc24ff2e6.woff2 was preloaded using link preload but not used within a few seconds from the window's load event. Please make sure it has an appropriate `as` value and it is preloaded intentionally.
[2024-10-18 22:49:02.946] [warn]  The resource https://discordapp.com/assets/8bd8143eff37936894aa.woff2 was preloaded using link preload but not used within a few seconds from the window's load event. Please make sure it has an appropriate `as` value and it is preloaded intentionally.
[2024-10-18 22:49:02.946] [warn]  The resource https://discordapp.com/assets/48a594e29497835802fe.woff2 was preloaded using link preload but not used within a few seconds from the window's load event. Please make sure it has an appropriate `as` value and it is preloaded intentionally.
[2024-10-18 22:49:02.946] [warn]  The resource https://discordapp.com/assets/452d7be36bf4b23241bd.woff2 was preloaded using link preload but not used within a few seconds from the window's load event. Please make sure it has an appropriate `as` value and it is preloaded intentionally.
[2024-10-18 22:49:02.946] [warn]  The resource https://discordapp.com/assets/8234e0a75aa9afb205bd.woff2 was preloaded using link preload but not used within a few seconds from the window's load event. Please make sure it has an appropriate `as` value and it is preloaded intentionally.
[2024-10-18 22:50:38.747] [warn]  The resource https://discordapp.com/assets/b21c5111a12372139409.woff2 was preloaded using link preload but not used within a few seconds from the window's load event. Please make sure it has an appropriate `as` value and it is preloaded intentionally.
[2024-10-18 22:50:38.748] [warn]  The resource https://discordapp.com/assets/f5b8aa3411dfc24ff2e6.woff2 was preloaded using link preload but not used within a few seconds from the window's load event. Please make sure it has an appropriate `as` value and it is preloaded intentionally.
[2024-10-18 22:50:38.748] [warn]  The resource https://discordapp.com/assets/8bd8143eff37936894aa.woff2 was preloaded using link preload but not used within a few seconds from the window's load event. Please make sure it has an appropriate `as` value and it is preloaded intentionally.
[2024-10-18 22:50:38.748] [warn]  The resource https://discordapp.com/assets/48a594e29497835802fe.woff2 was preloaded using link preload but not used within a few seconds from the window's load event. Please make sure it has an appropriate `as` value and it is preloaded intentionally.
[2024-10-18 22:50:38.748] [warn]  The resource https://discordapp.com/assets/452d7be36bf4b23241bd.woff2 was preloaded using link preload but not used within a few seconds from the window's load event. Please make sure it has an appropriate `as` value and it is preloaded intentionally.
[2024-10-18 22:50:38.748] [warn]  The resource https://discordapp.com/assets/8234e0a75aa9afb205bd.woff2 was preloaded using link preload but not used within a few seconds from the window's load event. Please make sure it has an appropriate `as` value and it is preloaded intentionally.
[2024-10-18 22:50:45.293] [warn]  The resource https://discordapp.com/assets/b21c5111a12372139409.woff2 was preloaded using link preload but not used within a few seconds from the window's load event. Please make sure it has an appropriate `as` value and it is preloaded intentionally.
[2024-10-18 22:50:45.293] [warn]  The resource https://discordapp.com/assets/f5b8aa3411dfc24ff2e6.woff2 was preloaded using link preload but not used within a few seconds from the window's load event. Please make sure it has an appropriate `as` value and it is preloaded intentionally.
[2024-10-18 22:50:45.293] [warn]  The resource https://discordapp.com/assets/8bd8143eff37936894aa.woff2 was preloaded using link preload but not used within a few seconds from the window's load event. Please make sure it has an appropriate `as` value and it is preloaded intentionally.
[2024-10-18 22:50:45.293] [warn]  The resource https://discordapp.com/assets/48a594e29497835802fe.woff2 was preloaded using link preload but not used within a few seconds from the window's load event. Please make sure it has an appropriate `as` value and it is preloaded intentionally.
[2024-10-18 22:50:45.294] [warn]  The resource https://discordapp.com/assets/452d7be36bf4b23241bd.woff2 was preloaded using link preload but not used within a few seconds from the window's load event. Please make sure it has an appropriate `as` value and it is preloaded intentionally.
[2024-10-18 22:50:45.294] [warn]  The resource https://discordapp.com/assets/8234e0a75aa9afb205bd.woff2 was preloaded using link preload but not used within a few seconds from the window's load event. Please make sure it has an appropriate `as` value and it is preloaded intentionally.
[2024-10-18 22:51:46.725] [warn]  The resource https://discordapp.com/assets/b21c5111a12372139409.woff2 was preloaded using link preload but not used within a few seconds from the window's load event. Please make sure it has an appropriate `as` value and it is preloaded intentionally.
[2024-10-18 22:51:46.726] [warn]  The resource https://discordapp.com/assets/f5b8aa3411dfc24ff2e6.woff2 was preloaded using link preload but not used within a few seconds from the window's load event. Please make sure it has an appropriate `as` value and it is preloaded intentionally.
[2024-10-18 22:51:46.726] [warn]  The resource https://discordapp.com/assets/8bd8143eff37936894aa.woff2 was preloaded using link preload but not used within a few seconds from the window's load event. Please make sure it has an appropriate `as` value and it is preloaded intentionally.
[2024-10-18 22:51:46.726] [warn]  The resource https://discordapp.com/assets/48a594e29497835802fe.woff2 was preloaded using link preload but not used within a few seconds from the window's load event. Please make sure it has an appropriate `as` value and it is preloaded intentionally.
[2024-10-18 22:51:46.726] [warn]  The resource https://discordapp.com/assets/452d7be36bf4b23241bd.woff2 was preloaded using link preload but not used within a few seconds from the window's load event. Please make sure it has an appropriate `as` value and it is preloaded intentionally.
[2024-10-18 22:51:46.726] [warn]  The resource https://discordapp.com/assets/8234e0a75aa9afb205bd.woff2 was preloaded using link preload but not used within a few seconds from the window's load event. Please make sure it has an appropriate `as` value and it is preloaded intentionally.
[2024-10-18 22:51:50.490] [warn]  The resource https://discordapp.com/assets/b21c5111a12372139409.woff2 was preloaded using link preload but not used within a few seconds from the window's load event. Please make sure it has an appropriate `as` value and it is preloaded intentionally.
[2024-10-18 22:51:50.491] [warn]  The resource https://discordapp.com/assets/f5b8aa3411dfc24ff2e6.woff2 was preloaded using link preload but not used within a few seconds from the window's load event. Please make sure it has an appropriate `as` value and it is preloaded intentionally.
[2024-10-18 22:51:50.491] [warn]  The resource https://discordapp.com/assets/8bd8143eff37936894aa.woff2 was preloaded using link preload but not used within a few seconds from the window's load event. Please make sure it has an appropriate `as` value and it is preloaded intentionally.
[2024-10-18 22:51:50.491] [warn]  The resource https://discordapp.com/assets/48a594e29497835802fe.woff2 was preloaded using link preload but not used within a few seconds from the window's load event. Please make sure it has an appropriate `as` value and it is preloaded intentionally.
[2024-10-18 22:51:50.491] [warn]  The resource https://discordapp.com/assets/452d7be36bf4b23241bd.woff2 was preloaded using link preload but not used within a few seconds from the window's load event. Please make sure it has an appropriate `as` value and it is preloaded intentionally.
[2024-10-18 22:51:50.492] [warn]  The resource https://discordapp.com/assets/8234e0a75aa9afb205bd.woff2 was preloaded using link preload but not used within a few seconds from the window's load event. Please make sure it has an appropriate `as` value and it is preloaded intentionally.
[2024-10-18 22:51:55.684] [warn]  The resource https://discordapp.com/assets/b21c5111a12372139409.woff2 was preloaded using link preload but not used within a few seconds from the window's load event. Please make sure it has an appropriate `as` value and it is preloaded intentionally.
[2024-10-18 22:51:55.685] [warn]  The resource https://discordapp.com/assets/f5b8aa3411dfc24ff2e6.woff2 was preloaded using link preload but not used within a few seconds from the window's load event. Please make sure it has an appropriate `as` value and it is preloaded intentionally.
[2024-10-18 22:51:55.685] [warn]  The resource https://discordapp.com/assets/8bd8143eff37936894aa.woff2 was preloaded using link preload but not used within a few seconds from the window's load event. Please make sure it has an appropriate `as` value and it is preloaded intentionally.
[2024-10-18 22:51:55.685] [warn]  The resource https://discordapp.com/assets/48a594e29497835802fe.woff2 was preloaded using link preload but not used within a few seconds from the window's load event. Please make sure it has an appropriate `as` value and it is preloaded intentionally.
[2024-10-18 22:51:55.685] [warn]  The resource https://discordapp.com/assets/452d7be36bf4b23241bd.woff2 was preloaded using link preload but not used within a few seconds from the window's load event. Please make sure it has an appropriate `as` value and it is preloaded intentionally.
[2024-10-18 22:51:55.685] [warn]  The resource https://discordapp.com/assets/8234e0a75aa9afb205bd.woff2 was preloaded using link preload but not used within a few seconds from the window's load event. Please make sure it has an appropriate `as` value and it is preloaded intentionally.
